0 info it worked if it ends with ok
1 verbose cli [ '/usr/bin/nodejs', '/usr/bin/npm', 'run', 'bundle' ]
2 info using npm@4.0.5
3 info using node@v7.4.0
4 verbose run-script [ 'prebundle', 'bundle', 'postbundle' ]
5 info lifecycle newapp@1.0.0~prebundle: newapp@1.0.0
6 silly lifecycle newapp@1.0.0~prebundle: no script for prebundle, continuing
7 info lifecycle newapp@1.0.0~bundle: newapp@1.0.0
8 verbose lifecycle newapp@1.0.0~bundle: unsafe-perm in lifecycle true
9 verbose lifecycle newapp@1.0.0~bundle: PATH: /usr/lib/node_modules/npm/bin/node-gyp-bin:/home/causecode/HarishSoni/newReacr/newApp/node_modules/.bin:/home/causecode/.sdkman/candidates/vertx/current/bin:/home/causecode/.sdkman/candidates/groovy/current/bin:/home/causecode/.sdkman/candidates/gradle/current/bin:/usr/local/share/npm/bin:/usr/local/bin:/opt/local/bin:/opt/local/sbin:/usr/local/share/causecode:/usr/local/mysql/bin:/usr/local/share/android-sdk-macosx/platform-tools:/usr/local/share/android-sdk-macosx/tools:/usr/local/share/mongodb-osx-x86_64-2.4.8/bin:/usr/local/bin:/opt/local/bin:/opt/local/sbin:~/.gvm/vertx/current/bin:~/.gvm/springboot/current/bin:~/.gvm/lazybones/current/bin:~/.gvm/groovyserv/current/bin:~/.gvm/groovy/current/bin:~/.gvm/griffon/current/bin:~/.gvm/grails/current/bin:~/.gvm/gradle/current/bin:~/.gvm/gaiden/current/bin:/usr/local/share/causecode:/usr/local/mysql/bin:/usr/local/share/android-sdk-macosx/platform-tools:/usr/local/share/android-sdk-macosx/tools:/usr/local/share/mongodb-osx-x86_64-2.4.8/bin:/usr/bin:/bin:/usr/sbin:/sbin:/usr/local/bin:/opt/X11/bin:/usr/local/git/bin:/usr/local/share/ec2-api-tools-1.6.12.2/bin:/usr/local/share/astyle/build/mac/bin:/usr/local/share/ec2-api-tools-1.6.12.2/bin:/usr/local/share/astyle/build/mac/bin:/media/Others/repos//shellbox/scripts:/home/causecode/.sdkman/candidates/grails/current/bin:/media/Others/repos//shellbox/scripts
10 verbose lifecycle newapp@1.0.0~bundle: CWD: /home/causecode/HarishSoni/newReacr/newApp
11 silly lifecycle newapp@1.0.0~bundle: Args: [ '-c', 'webpack' ]
12 silly lifecycle newapp@1.0.0~bundle: Returned: code: 2  signal: null
13 info lifecycle newapp@1.0.0~bundle: Failed to exec bundle script
14 verbose stack Error: newapp@1.0.0 bundle: `webpack`
14 verbose stack Exit status 2
14 verbose stack     at EventEmitter.<anonymous> (/usr/lib/node_modules/npm/lib/utils/lifecycle.js:279:16)
14 verbose stack     at emitTwo (events.js:106:13)
14 verbose stack     at EventEmitter.emit (events.js:191:7)
14 verbose stack     at ChildProcess.<anonymous> (/usr/lib/node_modules/npm/lib/utils/spawn.js:40:14)
14 verbose stack     at emitTwo (events.js:106:13)
14 verbose stack     at ChildProcess.emit (events.js:191:7)
14 verbose stack     at maybeClose (internal/child_process.js:885:16)
14 verbose stack     at Process.ChildProcess._handle.onexit (internal/child_process.js:226:5)
15 verbose pkgid newapp@1.0.0
16 verbose cwd /home/causecode/HarishSoni/newReacr/newApp
17 error Linux 4.4.0-59-generic
18 error argv "/usr/bin/nodejs" "/usr/bin/npm" "run" "bundle"
19 error node v7.4.0
20 error npm  v4.0.5
21 error code ELIFECYCLE
22 error newapp@1.0.0 bundle: `webpack`
22 error Exit status 2
23 error Failed at the newapp@1.0.0 bundle script 'webpack'.
23 error Make sure you have the latest version of node.js and npm installed.
23 error If you do, this is most likely a problem with the newapp package,
23 error not with npm itself.
23 error Tell the author that this fails on your system:
23 error     webpack
23 error You can get information on how to open an issue for this project with:
23 error     npm bugs newapp
23 error Or if that isn't available, you can get their info via:
23 error     npm owner ls newapp
23 error There is likely additional logging output above.
24 verbose exit [ 1, true ]
